Using pre-set license
Built from '2020.3/staging' branch; Version is '2020.3.19f1 (68f137dc9bbe) revision 6877495'; Using compiler version '192528614'; Build Type 'Release'
OS: 'Windows 10 Home; OS build 19042.1237; Version 2009; 64bit' Language: 'ru' Physical Memory: 16289 MB
BatchMode: 1, IsHumanControllingUs: 0, StartBugReporterOnCrash: 0, Is64bit: 1, IsPro: 0

COMMAND LINE ARGUMENTS:
C:\Program Files\Unity\2020.3.19f1\Editor\Unity.exe
-adb2
-batchMode
-noUpm
-name
AssetImportWorker0
-projectPath
C:/Users/neoke/OneDrive/Рабочий стол/Quoridor 2.0
-logFile
Logs/AssetImportWorker0.log
-srvPort
51754
Successfully changed project path to: C:/Users/neoke/OneDrive/Рабочий стол/Quoridor 2.0
C:/Users/neoke/OneDrive/Рабочий стол/Quoridor 2.0
Using Asset Import Pipeline V2.
Refreshing native plugins compatible for Editor in 25.62 ms, found 3 plugins.
Preloading 0 native plugins for Editor in 0.00 ms.
Initialize engine version: 2020.3.19f1 (68f137dc9bbe)
[Subsystems] Discovering subsystems at path C:/Program Files/Unity/2020.3.19f1/Editor/Data/Resources/UnitySubsystems
[Subsystems] Discovering subsystems at path C:/Users/neoke/OneDrive/Рабочий стол/Quoridor 2.0/Assets
GfxDevice: creating device client; threaded=0
Direct3D:
    Version:  Direct3D 11.0 [level 11.1]
    Renderer: NVIDIA GeForce RTX 2070 SUPER (ID=0x1e84)
    Vendor:   
    VRAM:     8011 MB
    Driver:   30.0.14.7212
Initialize mono
Mono path[0] = 'C:/Program Files/Unity/2020.3.19f1/Editor/Data/Managed'
Mono path[1] = 'C:/Program Files/Unity/2020.3.19f1/Editor/Data/MonoBleedingEdge/lib/mono/unityjit'
Mono config path = 'C:/Program Files/Unity/2020.3.19f1/Editor/Data/MonoBleedingEdge/etc'
Using monoOptions --debugger-agent=transport=dt_socket,embedding=1,server=y,suspend=n,address=127.0.0.1:56524
Begin MonoManager ReloadAssembly
Registering precompiled unity dll's ...
Register platform support module: C:/Program Files/Unity/2020.3.19f1/Editor/Data/PlaybackEngines/WindowsStandaloneSupport/UnityEditor.WindowsStandalone.Extensions.dll
Registered in 0.001740 seconds.
Native extension for WindowsStandalone target not found
Refreshing native plugins compatible for Editor in 24.71 ms, found 3 plugins.
Preloading 0 native plugins for Editor in 0.00 ms.
Mono: successfully reloaded assembly
- Completed reload, in  0.849 seconds
Domain Reload Profiling:
	ReloadAssembly (849ms)
		BeginReloadAssembly (42ms)
			ExecutionOrderSort (0ms)
			DisableScriptedObjects (0ms)
			BackupInstance (0ms)
			ReleaseScriptingObjects (0ms)
			CreateAndSetChildDomain (1ms)
		EndReloadAssembly (315ms)
			LoadAssemblies (40ms)
			RebuildTransferFunctionScriptingTraits (0ms)
			SetupTypeCache (115ms)
			ReleaseScriptCaches (0ms)
			RebuildScriptCaches (24ms)
			SetupLoadedEditorAssemblies (121ms)
				LogAssemblyErrors (0ms)
				InitializePlatformSupportModulesInManaged (3ms)
				SetLoadedEditorAssemblies (0ms)
				RefreshPlugins (25ms)
				BeforeProcessingInitializeOnLoad (8ms)
				ProcessInitializeOnLoadAttributes (62ms)
				ProcessInitializeOnLoadMethodAttributes (22ms)
				AfterProcessingInitializeOnLoad (0ms)
				EditorAssembliesLoaded (0ms)
			ExecutionOrderSort2 (0ms)
			AwakeInstancesAfterBackupRestoration (0ms)
Platform modules already initialized, skipping
Registering precompiled user dll's ...
Registered in 0.002720 seconds.
Begin MonoManager ReloadAssembly
Native extension for WindowsStandalone target not found
Refreshing native plugins compatible for Editor in 0.34 ms, found 3 plugins.
Preloading 0 native plugins for Editor in 0.00 ms.
Mono: successfully reloaded assembly
- Completed reload, in  0.770 seconds
Domain Reload Profiling:
	ReloadAssembly (770ms)
		BeginReloadAssembly (118ms)
			ExecutionOrderSort (0ms)
			DisableScriptedObjects (4ms)
			BackupInstance (0ms)
			ReleaseScriptingObjects (0ms)
			CreateAndSetChildDomain (17ms)
		EndReloadAssembly (601ms)
			LoadAssemblies (66ms)
			RebuildTransferFunctionScriptingTraits (0ms)
			SetupTypeCache (202ms)
			ReleaseScriptCaches (0ms)
			RebuildScriptCaches (34ms)
			SetupLoadedEditorAssemblies (225ms)
				LogAssemblyErrors (0ms)
				InitializePlatformSupportModulesInManaged (4ms)
				SetLoadedEditorAssemblies (0ms)
				RefreshPlugins (0ms)
				BeforeProcessingInitializeOnLoad (43ms)
				ProcessInitializeOnLoadAttributes (168ms)
				ProcessInitializeOnLoadMethodAttributes (3ms)
				AfterProcessingInitializeOnLoad (6ms)
				EditorAssembliesLoaded (0ms)
			ExecutionOrderSort2 (0ms)
			AwakeInstancesAfterBackupRestoration (5ms)
Platform modules already initialized, skipping
========================================================================
Worker process is ready to serve import requests
Launched and connected shader compiler UnityShaderCompiler.exe after 0.06 seconds
Refreshing native plugins compatible for Editor in 0.37 ms, found 3 plugins.
Preloading 0 native plugins for Editor in 0.00 ms.
Unloading 1412 Unused Serialized files (Serialized files now loaded: 0)
System memory in use before: 65.4 MB.
System memory in use after: 65.4 MB.

Unloading 19 unused Assets to reduce memory usage. Loaded Objects now: 1844.
Total: 2.851600 ms (FindLiveObjects: 0.166900 ms CreateObjectMapping: 0.034700 ms MarkObjects: 2.583800 ms  DeleteObjects: 0.065100 ms)

AssetImportParameters requested are different than current active one (requested -> active):
  custom:framework-win-MediaFoundation: 216162199b28c13a410421893ffa2e32 -> 
  custom:video-decoder-ogg-theora: a1e56fd34408186e4bbccfd4996cb3dc -> 
  custom:container-muxer-webm: aa71ff27fc2769a1b78a27578f13a17b -> 
  custom:container-demuxer-webm: 4f35f7cbe854078d1ac9338744f61a02 -> 
  custom:container-demuxer-ogg: 62fdf1f143b41e24485cea50d1cbac27 -> 
  custom:video-encoder-webm-vp8: eb34c28f22e8b96e1ab97ce403110664 -> 
  custom:video-decoder-webm-vp8: 9c59270c3fd7afecdb556c50c9e8de78 -> 
  custom:audio-decoder-ogg-vorbis: bf7c407c2cedff20999df2af8eb42d56 -> 
  custom:audio-encoder-webm-vorbis: bf7c407c2cedff20999df2af8eb42d56 -> 
========================================================================
Received Import Request.
  path: Assets/Scripts/Model/FindFriends.cs
  artifactKey: Guid(ade44fb09381cfc4c8a726283d2bb07f) Importer(815301076,1909f56bfc062723c751e8b465ee728b)
Start importing Assets/Scripts/Model/FindFriends.cs using Guid(ade44fb09381cfc4c8a726283d2bb07f) Importer(815301076,1909f56bfc062723c751e8b465ee728b)  -> (artifact id: 'dabafd450222b7108d0f67bff62b89c1') in 0.029510 seconds 
  Import took 0.031736 seconds .

========================================================================
Received Import Request.
  Time since last request: 0.004502 seconds.
  path: Assets/Scripts
  artifactKey: Guid(6a75f7bb64da6408e89c70620af28774) Importer(815301076,1909f56bfc062723c751e8b465ee728b)
Start importing Assets/Scripts using Guid(6a75f7bb64da6408e89c70620af28774) Importer(815301076,1909f56bfc062723c751e8b465ee728b)  -> (artifact id: 'e67db548cc2c7e9fe79bb4db971fc634') in 0.005280 seconds 
  Import took 0.007319 seconds .

========================================================================
Received Import Request.
  Time since last request: 0.003000 seconds.
  path: Assets/Scripts/Model/Player.cs
  artifactKey: Guid(1113a8eb690a2b14792bf3c65b431a76) Importer(815301076,1909f56bfc062723c751e8b465ee728b)
Start importing Assets/Scripts/Model/Player.cs using Guid(1113a8eb690a2b14792bf3c65b431a76) Importer(815301076,1909f56bfc062723c751e8b465ee728b)  -> (artifact id: '68e04c0514066c65d85344ea414a8640') in 0.005745 seconds 
  Import took 0.007893 seconds .

========================================================================
Received Import Request.
  Time since last request: 0.002165 seconds.
  path: Assets/Plugins/GitHub/Editor/x64
  artifactKey: Guid(a0ded7adcc817ce489fec07977f16d13) Importer(815301076,1909f56bfc062723c751e8b465ee728b)
Start importing Assets/Plugins/GitHub/Editor/x64 using Guid(a0ded7adcc817ce489fec07977f16d13) Importer(815301076,1909f56bfc062723c751e8b465ee728b)  -> (artifact id: 'e32d2a6d8efe3aeaf6a2d815db886d6b') in 0.005088 seconds 
  Import took 0.006769 seconds .

========================================================================
Received Import Request.
  Time since last request: 0.042270 seconds.
  path: Assets/Plugins/GitHub/Editor/x64/sfw_x64.dll
  artifactKey: Guid(fe5abeadcbe591e4fa9107fbc02f3998) Importer(815301076,1909f56bfc062723c751e8b465ee728b)
Start importing Assets/Plugins/GitHub/Editor/x64/sfw_x64.dll using Guid(fe5abeadcbe591e4fa9107fbc02f3998) Importer(815301076,1909f56bfc062723c751e8b465ee728b)  -> (artifact id: 'e77de11a8a564d8ceb8fdf5f54cc4515') in 0.007341 seconds 
  Import took 0.009426 seconds .

========================================================================
Received Import Request.
  Time since last request: 0.008370 seconds.
  path: Assets/Scripts/View/Rotate.cs
  artifactKey: Guid(af64e16431cec4c4bab0f11e88c6d902) Importer(815301076,1909f56bfc062723c751e8b465ee728b)
Start importing Assets/Scripts/View/Rotate.cs using Guid(af64e16431cec4c4bab0f11e88c6d902) Importer(815301076,1909f56bfc062723c751e8b465ee728b)  -> (artifact id: '5cca4d82bee1c8d418229bf2f516a66f') in 0.004787 seconds 
  Import took 0.006551 seconds .

========================================================================
Received Import Request.
  Time since last request: 0.004381 seconds.
  path: Assets/GameManager.cs
  artifactKey: Guid(1161935e6eba5d64ab4ce606cc87472b) Importer(815301076,1909f56bfc062723c751e8b465ee728b)
Start importing Assets/GameManager.cs using Guid(1161935e6eba5d64ab4ce606cc87472b) Importer(815301076,1909f56bfc062723c751e8b465ee728b)  -> (artifact id: '2a1817cf45bb27ffef1aef98fa123212') in 0.004520 seconds 
  Import took 0.006299 seconds .

========================================================================
Received Import Request.
  Time since last request: 0.008750 seconds.
  path: Assets/Scripts/Model/BotCheck.cs
  artifactKey: Guid(9cdc06d47435080418073e4a0510d7a4) Importer(815301076,1909f56bfc062723c751e8b465ee728b)
Start importing Assets/Scripts/Model/BotCheck.cs using Guid(9cdc06d47435080418073e4a0510d7a4) Importer(815301076,1909f56bfc062723c751e8b465ee728b)  -> (artifact id: 'ef25cb30d108c2cdc90c8cb9fcedb948') in 0.004915 seconds 
  Import took 0.006683 seconds .

========================================================================
Received Import Request.
  Time since last request: 0.004220 seconds.
  path: Assets/Scripts/Model/SquareLogic.cs
  artifactKey: Guid(1f323e7e254a4674aaa8873982520458) Importer(815301076,1909f56bfc062723c751e8b465ee728b)
Start importing Assets/Scripts/Model/SquareLogic.cs using Guid(1f323e7e254a4674aaa8873982520458) Importer(815301076,1909f56bfc062723c751e8b465ee728b)  -> (artifact id: '30cdc97420712c9ae9a35f66bd63c0a1') in 0.004556 seconds 
  Import took 0.006201 seconds .

========================================================================
Received Import Request.
  Time since last request: 0.004354 seconds.
  path: Assets/Plugins/GitHub/Editor/x86/sfw_x86.dll
  artifactKey: Guid(a83159a46d87d2a4f8cec651049b9231) Importer(815301076,1909f56bfc062723c751e8b465ee728b)
Start importing Assets/Plugins/GitHub/Editor/x86/sfw_x86.dll using Guid(a83159a46d87d2a4f8cec651049b9231) Importer(815301076,1909f56bfc062723c751e8b465ee728b)  -> (artifact id: '9810ca4601ac3177f9e28eaf628ae7d6') in 0.004769 seconds 
  Import took 0.006345 seconds .

========================================================================
Received Import Request.
  Time since last request: 0.008365 seconds.
  path: Assets/Scripts/View/UIButtonQuitGame.cs
  artifactKey: Guid(30368c2682f574219beab8a3d398a221) Importer(815301076,1909f56bfc062723c751e8b465ee728b)
Start importing Assets/Scripts/View/UIButtonQuitGame.cs using Guid(30368c2682f574219beab8a3d398a221) Importer(815301076,1909f56bfc062723c751e8b465ee728b)  -> (artifact id: '6eb32e70a4f4da6836f9d3314cec6d02') in 0.004525 seconds 
  Import took 0.006105 seconds .

========================================================================
Received Import Request.
  Time since last request: 0.002479 seconds.
  path: Assets/Prefabs
  artifactKey: Guid(ade708bf5ff222e489caed7e27faca82) Importer(815301076,1909f56bfc062723c751e8b465ee728b)
Start importing Assets/Prefabs using Guid(ade708bf5ff222e489caed7e27faca82) Importer(815301076,1909f56bfc062723c751e8b465ee728b)  -> (artifact id: 'aa40cd9a823856b9180d5f8127bf57e9') in 0.004808 seconds 
  Import took 0.006489 seconds .

========================================================================
Received Import Request.
  Time since last request: 0.017974 seconds.
  path: Assets/Scripts/Model/FriendList.cs
  artifactKey: Guid(b60177fc8b3091d40b5d0a54869cb0dc) Importer(815301076,1909f56bfc062723c751e8b465ee728b)
Start importing Assets/Scripts/Model/FriendList.cs using Guid(b60177fc8b3091d40b5d0a54869cb0dc) Importer(815301076,1909f56bfc062723c751e8b465ee728b)  -> (artifact id: 'd168c18629ae349faa677292359fbfd3') in 0.004713 seconds 
  Import took 0.006261 seconds .

========================================================================
Received Import Request.
  Time since last request: 0.002625 seconds.
  path: Assets/Scripts/Model
  artifactKey: Guid(1306a3a990515ac45be042961827ca3f) Importer(815301076,1909f56bfc062723c751e8b465ee728b)
Start importing Assets/Scripts/Model using Guid(1306a3a990515ac45be042961827ca3f) Importer(815301076,1909f56bfc062723c751e8b465ee728b)  -> (artifact id: '3dac86d399b6c79d71328cab993641f3') in 0.004266 seconds 
  Import took 0.005801 seconds .

========================================================================
Received Import Request.
  Time since last request: 0.004640 seconds.
  path: Assets/Plugins/GitHub/Editor/x86/pthreadVC2.dll
  artifactKey: Guid(151a1d946b98deb4b98445400983ba92) Importer(815301076,1909f56bfc062723c751e8b465ee728b)
Start importing Assets/Plugins/GitHub/Editor/x86/pthreadVC2.dll using Guid(151a1d946b98deb4b98445400983ba92) Importer(815301076,1909f56bfc062723c751e8b465ee728b)  -> (artifact id: '8cadbace65119a097740ac74677a03cc') in 0.004315 seconds 
  Import took 0.005688 seconds .

========================================================================
Received Import Request.
  Time since last request: 0.004157 seconds.
  path: Assets/Scripts/Model/HoryzontalButton.cs
  artifactKey: Guid(2d13162d28ec4a441a6d6ac032b49d13) Importer(815301076,1909f56bfc062723c751e8b465ee728b)
Start importing Assets/Scripts/Model/HoryzontalButton.cs using Guid(2d13162d28ec4a441a6d6ac032b49d13) Importer(815301076,1909f56bfc062723c751e8b465ee728b)  -> (artifact id: '9ce59b1a6b65b26b7a31fc1f07a6d13a') in 0.004076 seconds 
  Import took 0.005419 seconds .

========================================================================
Received Import Request.
  Time since last request: 0.002759 seconds.
  path: Assets/Plugins/GitHub/Editor
  artifactKey: Guid(cad92998c5182496e8b989b406d9f156) Importer(815301076,1909f56bfc062723c751e8b465ee728b)
Start importing Assets/Plugins/GitHub/Editor using Guid(cad92998c5182496e8b989b406d9f156) Importer(815301076,1909f56bfc062723c751e8b465ee728b)  -> (artifact id: '68b76539ee6b3734ea2c967b68c15ffd') in 0.004538 seconds 
  Import took 0.006385 seconds .

========================================================================
Received Import Request.
  Time since last request: 0.002943 seconds.
  path: Assets/Materials
  artifactKey: Guid(a627f1b43654dfa459c203fef3d686b5) Importer(815301076,1909f56bfc062723c751e8b465ee728b)
Start importing Assets/Materials using Guid(a627f1b43654dfa459c203fef3d686b5) Importer(815301076,1909f56bfc062723c751e8b465ee728b)  -> (artifact id: 'dd5d809b9f01033e5732e4e810114f85') in 0.004355 seconds 
  Import took 0.005893 seconds .

========================================================================
Received Import Request.
  Time since last request: 0.008275 seconds.
  path: Assets/Scripts/Model/PlayerList.cs
  artifactKey: Guid(88c7ce31c87c61e4e96e4e23dee2acaf) Importer(815301076,1909f56bfc062723c751e8b465ee728b)
Start importing Assets/Scripts/Model/PlayerList.cs using Guid(88c7ce31c87c61e4e96e4e23dee2acaf) Importer(815301076,1909f56bfc062723c751e8b465ee728b)  -> (artifact id: 'cc50a87a29d79655d6809fe02ce7f8f2') in 0.004577 seconds 
  Import took 0.006376 seconds .

========================================================================
Received Import Request.
  Time since last request: 0.002871 seconds.
  path: Assets/Plugins/GitHub/Editor/x86
  artifactKey: Guid(99b48d4d4f6a66340ab06bd487d70a45) Importer(815301076,1909f56bfc062723c751e8b465ee728b)
Start importing Assets/Plugins/GitHub/Editor/x86 using Guid(99b48d4d4f6a66340ab06bd487d70a45) Importer(815301076,1909f56bfc062723c751e8b465ee728b)  -> (artifact id: '8871ac669b07dc0a0b9cab8290e2ba04') in 0.004183 seconds 
  Import took 0.005684 seconds .

========================================================================
Received Import Request.
  Time since last request: 0.004372 seconds.
  path: Assets/Scripts/View/UIButtonLevelLoad.cs
  artifactKey: Guid(64f8043d604074445a91b7d76ee56a20) Importer(815301076,1909f56bfc062723c751e8b465ee728b)
Start importing Assets/Scripts/View/UIButtonLevelLoad.cs using Guid(64f8043d604074445a91b7d76ee56a20) Importer(815301076,1909f56bfc062723c751e8b465ee728b)  -> (artifact id: 'e8a4fa6853860e575710e5ae9f57472d') in 0.004057 seconds 
  Import took 0.005641 seconds .

========================================================================
Received Import Request.
  Time since last request: 0.002560 seconds.
  path: Assets/Plugins
  artifactKey: Guid(720712be6e31c444f88f57bb85bf5fa5) Importer(815301076,1909f56bfc062723c751e8b465ee728b)
Start importing Assets/Plugins using Guid(720712be6e31c444f88f57bb85bf5fa5) Importer(815301076,1909f56bfc062723c751e8b465ee728b)  -> (artifact id: '6e0657f5f67bb2a6a6ef5f89c72c42e6') in 0.004146 seconds 
  Import took 0.005962 seconds .

========================================================================
Received Import Request.
  Time since last request: 0.002755 seconds.
  path: Assets/Plugins/GitHub
  artifactKey: Guid(18e096a98c2704c40a818dd1214cd179) Importer(815301076,1909f56bfc062723c751e8b465ee728b)
Start importing Assets/Plugins/GitHub using Guid(18e096a98c2704c40a818dd1214cd179) Importer(815301076,1909f56bfc062723c751e8b465ee728b)  -> (artifact id: '59c6f830166e8efa550cd7540e1e380d') in 0.004368 seconds 
  Import took 0.006101 seconds .

========================================================================
Received Import Request.
  Time since last request: 0.004289 seconds.
  path: Assets/Scripts/Model/VerticalButton.cs
  artifactKey: Guid(1270572f5a3e8db4a94e85b2ef5ebec7) Importer(815301076,1909f56bfc062723c751e8b465ee728b)
Start importing Assets/Scripts/Model/VerticalButton.cs using Guid(1270572f5a3e8db4a94e85b2ef5ebec7) Importer(815301076,1909f56bfc062723c751e8b465ee728b)  -> (artifact id: 'a44ca1857bf698769485993a41ff3b23') in 0.004133 seconds 
  Import took 0.005718 seconds .

========================================================================
Received Import Request.
  Time since last request: 0.002493 seconds.
  path: Assets/Scripts/View
  artifactKey: Guid(34766af9b2bed7e4593207827032cabc) Importer(815301076,1909f56bfc062723c751e8b465ee728b)
Start importing Assets/Scripts/View using Guid(34766af9b2bed7e4593207827032cabc) Importer(815301076,1909f56bfc062723c751e8b465ee728b)  -> (artifact id: '9629b3de0b176ebcac04dc6fdb23c48c') in 0.004215 seconds 
  Import took 0.005730 seconds .

========================================================================
Received Prepare
Registering precompiled user dll's ...
Registered in 0.002630 seconds.
Begin MonoManager ReloadAssembly
Native extension for WindowsStandalone target not found
Refreshing native plugins compatible for Editor in 0.34 ms, found 3 plugins.
Preloading 0 native plugins for Editor in 0.00 ms.
Mono: successfully reloaded assembly
- Completed reload, in  0.740 seconds
Domain Reload Profiling:
	ReloadAssembly (740ms)
		BeginReloadAssembly (103ms)
			ExecutionOrderSort (0ms)
			DisableScriptedObjects (3ms)
			BackupInstance (0ms)
			ReleaseScriptingObjects (0ms)
			CreateAndSetChildDomain (28ms)
		EndReloadAssembly (583ms)
			LoadAssemblies (64ms)
			RebuildTransferFunctionScriptingTraits (0ms)
			SetupTypeCache (202ms)
			ReleaseScriptCaches (1ms)
			RebuildScriptCaches (29ms)
			SetupLoadedEditorAssemblies (213ms)
				LogAssemblyErrors (0ms)
				InitializePlatformSupportModulesInManaged (4ms)
				SetLoadedEditorAssemblies (0ms)
				RefreshPlugins (0ms)
				BeforeProcessingInitializeOnLoad (39ms)
				ProcessInitializeOnLoadAttributes (160ms)
				ProcessInitializeOnLoadMethodAttributes (3ms)
				AfterProcessingInitializeOnLoad (6ms)
				EditorAssembliesLoaded (0ms)
			ExecutionOrderSort2 (0ms)
			AwakeInstancesAfterBackupRestoration (5ms)
Platform modules already initialized, skipping
Refreshing native plugins compatible for Editor in 0.35 ms, found 3 plugins.
Preloading 0 native plugins for Editor in 0.00 ms.
Unloading 1405 Unused Serialized files (Serialized files now loaded: 0)
System memory in use before: 65.2 MB.
System memory in use after: 65.3 MB.

Unloading 15 unused Assets to reduce memory usage. Loaded Objects now: 1845.
Total: 2.576600 ms (FindLiveObjects: 0.184200 ms CreateObjectMapping: 0.095300 ms MarkObjects: 2.277200 ms  DeleteObjects: 0.018900 ms)

AssetImportParameters requested are different than current active one (requested -> active):
  custom:framework-win-MediaFoundation: 216162199b28c13a410421893ffa2e32 -> 
  custom:video-decoder-ogg-theora: a1e56fd34408186e4bbccfd4996cb3dc -> 
  custom:container-muxer-webm: aa71ff27fc2769a1b78a27578f13a17b -> 
  custom:container-demuxer-webm: 4f35f7cbe854078d1ac9338744f61a02 -> 
  custom:container-demuxer-ogg: 62fdf1f143b41e24485cea50d1cbac27 -> 
  custom:video-encoder-webm-vp8: eb34c28f22e8b96e1ab97ce403110664 -> 
  custom:video-decoder-webm-vp8: 9c59270c3fd7afecdb556c50c9e8de78 -> 
  custom:audio-decoder-ogg-vorbis: bf7c407c2cedff20999df2af8eb42d56 -> 
  custom:audio-encoder-webm-vorbis: bf7c407c2cedff20999df2af8eb42d56 -> 
AssetImportWorkerClient::OnTransportError - code=2 error=End of file
